<?xml version="1.0" encoding="UTF-8"?>
<!-- Generated by org.testng.reporters.JUnitXMLReporter -->
<testsuite ignored="20" hostname="DESKTOP-4JKAPDL" failures="1" tests="1" name="Default test" time="19.139" errors="0" timestamp="2023-01-05T15:32:41 IST">
  <testcase classname="Assignment_DemoQA.DemoQA" name="AutoComplete" time="13.254">
    <failure type="org.openqa.selenium.NoSuchElementException" message="no such element: Unable to locate element: {&amp;quot;method&amp;quot;:&amp;quot;xpath&amp;quot;,&amp;quot;selector&amp;quot;:&amp;quot;//div[@id=&amp;apos;selectMenuContainer&amp;apos;]//div[@class=&amp;apos;row&amp;apos;]//div[@class=&amp;apos; css-tlfecz-indicatorContainer&amp;apos;]//*[name()=&amp;apos;svg&amp;apos;]&amp;quot;}
  (Session info: chrome=108.0.5359.125)
For documentation on this error, please visit: https://selenium.dev/exceptions/#no_such_element
Build info: version: &amp;apos;4.4.0&amp;apos;, revision: &amp;apos;e5c75ed026a&amp;apos;
System info: host: &amp;apos;DESKTOP-4JKAPDL&amp;apos;, ip: &amp;apos;192.168.0.170&amp;apos;, os.name: &amp;apos;Windows 11&amp;apos;, os.arch: &amp;apos;amd64&amp;apos;, os.version: &amp;apos;10.0&amp;apos;, java.version: &amp;apos;17.0.5&amp;apos;
Driver info: org.openqa.selenium.chrome.ChromeDriver
Command: [ffb5741f8c8f7545cd9dbd8f03aa79a6, findElement {using=xpath, value=//div[@id=&amp;apos;selectMenuContainer&amp;apos;]//div[@class=&amp;apos;row&amp;apos;]//div[@class=&amp;apos; css-tlfecz-indicatorContainer&amp;apos;]//*[name()=&amp;apos;svg&amp;apos;]}]
Capabilities {acceptInsecureCerts: false, browserName: chrome, browserVersion: 108.0.5359.125, chrome: {chromedriverVersion: 108.0.5359.71 (1e0e3868ee06..., userDataDir: C:\Users\91984\AppData\Loca...}, goog:chromeOptions: {debuggerAddress: localhost:64737}, networkConnectionEnabled: false, pageLoadStrategy: normal, platformName: WINDOWS, proxy: Proxy(), se:cdp: ws://localhost:64737/devtoo..., se:cdpVersion: 108.0.5359.125, setWindowRect: true, strictFileInteractability: false, timeouts: {implicit: 0, pageLoad: 300000, script: 30000}, unhandledPromptBehavior: dismiss and notify, webauthn:extension:credBlob: true, webauthn:extension:largeBlob: true, webauthn:virtualAuthenticators: true}
Session ID: ffb5741f8c8f7545cd9dbd8f03aa79a6">
      <![CDATA[org.openqa.selenium.NoSuchElementException: no such element: Unable to locate element: {"method":"xpath","selector":"//div[@id='selectMenuContainer']//div[@class='row']//div[@class=' css-tlfecz-indicatorContainer']//*[name()='svg']"}
  (Session info: chrome=108.0.5359.125)
For documentation on this error, please visit: https://selenium.dev/exceptions/#no_such_element
Build info: version: '4.4.0', revision: 'e5c75ed026a'
System info: host: 'DESKTOP-4JKAPDL', ip: '192.168.0.170', os.name: 'Windows 11', os.arch: 'amd64', os.version: '10.0', java.version: '17.0.5'
Driver info: org.openqa.selenium.chrome.ChromeDriver
Command: [ffb5741f8c8f7545cd9dbd8f03aa79a6, findElement {using=xpath, value=//div[@id='selectMenuContainer']//div[@class='row']//div[@class=' css-tlfecz-indicatorContainer']//*[name()='svg']}]
Capabilities {acceptInsecureCerts: false, browserName: chrome, browserVersion: 108.0.5359.125, chrome: {chromedriverVersion: 108.0.5359.71 (1e0e3868ee06..., userDataDir: C:\Users\91984\AppData\Loca...}, goog:chromeOptions: {debuggerAddress: localhost:64737}, networkConnectionEnabled: false, pageLoadStrategy: normal, platformName: WINDOWS, proxy: Proxy(), se:cdp: ws://localhost:64737/devtoo..., se:cdpVersion: 108.0.5359.125, setWindowRect: true, strictFileInteractability: false, timeouts: {implicit: 0, pageLoad: 300000, script: 30000}, unhandledPromptBehavior: dismiss and notify, webauthn:extension:credBlob: true, webauthn:extension:largeBlob: true, webauthn:virtualAuthenticators: true}
Session ID: ffb5741f8c8f7545cd9dbd8f03aa79a6
at java.base/jdk.internal.reflect.NativeConstructorAccessorImpl.newInstance0(Native Method)
at java.base/jdk.internal.reflect.NativeConstructorAccessorImpl.newInstance(NativeConstructorAccessorImpl.java:77)
at java.base/jdk.internal.reflect.DelegatingConstructorAccessorImpl.newInstance(DelegatingConstructorAccessorImpl.java:45)
at java.base/java.lang.reflect.Constructor.newInstanceWithCaller(Constructor.java:499)
at java.base/java.lang.reflect.Constructor.newInstance(Constructor.java:480)
at org.openqa.selenium.remote.codec.w3c.W3CHttpResponseCodec.createException(W3CHttpResponseCodec.java:200)
at org.openqa.selenium.remote.codec.w3c.W3CHttpResponseCodec.decode(W3CHttpResponseCodec.java:133)
at org.openqa.selenium.remote.codec.w3c.W3CHttpResponseCodec.decode(W3CHttpResponseCodec.java:53)
at org.openqa.selenium.remote.HttpCommandExecutor.execute(HttpCommandExecutor.java:184)
at org.openqa.selenium.remote.service.DriverCommandExecutor.invokeExecute(DriverCommandExecutor.java:167)
at org.openqa.selenium.remote.service.DriverCommandExecutor.execute(DriverCommandExecutor.java:142)
at org.openqa.selenium.remote.RemoteWebDriver.execute(RemoteWebDriver.java:547)
at org.openqa.selenium.remote.ElementLocation$ElementFinder$2.findElement(ElementLocation.java:162)
at org.openqa.selenium.remote.ElementLocation.findElement(ElementLocation.java:60)
at org.openqa.selenium.remote.RemoteWebDriver.findElement(RemoteWebDriver.java:365)
at org.openqa.selenium.remote.RemoteWebDriver.findElement(RemoteWebDriver.java:357)
at Assignment_DemoQA.DemoQA.AutoComplete(DemoQA.java:294)
at java.base/jdk.internal.reflect.NativeMethodAccessorImpl.invoke0(Native Method)
at java.base/jdk.internal.reflect.NativeMethodAccessorImpl.invoke(NativeMethodAccessorImpl.java:77)
at java.base/jdk.internal.reflect.DelegatingMethodAccessorImpl.invoke(DelegatingMethodAccessorImpl.java:43)
at java.base/java.lang.reflect.Method.invoke(Method.java:568)
at org.testng.internal.MethodInvocationHelper.invokeMethod(MethodInvocationHelper.java:133)
at org.testng.internal.TestInvoker.invokeMethod(TestInvoker.java:598)
at org.testng.internal.TestInvoker.invokeTestMethod(TestInvoker.java:173)
at org.testng.internal.MethodRunner.runInSequence(MethodRunner.java:46)
at org.testng.internal.TestInvoker$MethodInvocationAgent.invoke(TestInvoker.java:824)
at org.testng.internal.TestInvoker.invokeTestMethods(TestInvoker.java:146)
at org.testng.internal.TestMethodWorker.invokeTestMethods(TestMethodWorker.java:146)
at org.testng.internal.TestMethodWorker.run(TestMethodWorker.java:128)
at java.base/java.util.ArrayList.forEach(ArrayList.java:1511)
at org.testng.TestRunner.privateRun(TestRunner.java:794)
at org.testng.TestRunner.run(TestRunner.java:596)
at org.testng.SuiteRunner.runTest(SuiteRunner.java:377)
at org.testng.SuiteRunner.runSequentially(SuiteRunner.java:371)
at org.testng.SuiteRunner.privateRun(SuiteRunner.java:332)
at org.testng.SuiteRunner.run(SuiteRunner.java:276)
at org.testng.SuiteRunnerWorker.runSuite(SuiteRunnerWorker.java:53)
at org.testng.SuiteRunnerWorker.run(SuiteRunnerWorker.java:96)
at org.testng.TestNG.runSuitesSequentially(TestNG.java:1212)
at org.testng.TestNG.runSuitesLocally(TestNG.java:1134)
at org.testng.TestNG.runSuites(TestNG.java:1063)
at org.testng.TestNG.run(TestNG.java:1031)
at org.testng.remote.AbstractRemoteTestNG.run(AbstractRemoteTestNG.java:115)
at org.testng.remote.RemoteTestNG.initAndRun(RemoteTestNG.java:251)
at org.testng.remote.RemoteTestNG.main(RemoteTestNG.java:77)
]]>
    </failure>
  </testcase> <!-- AutoComplete -->
  <testcase classname="Assignment_DemoQA.DemoQA" name="Alters" time="0.0">
    <ignored/>
  </testcase> <!-- Alters -->
  <testcase classname="Assignment_DemoQA.DemoQA" name="Drop_Drag" time="0.0">
    <ignored/>
  </testcase> <!-- Drop_Drag -->
  <testcase classname="Assignment_DemoQA.DemoQA" name="RadioButton" time="0.0">
    <ignored/>
  </testcase> <!-- RadioButton -->
  <testcase classname="Assignment_DemoQA.DemoQA" name="Webtables" time="0.0">
    <ignored/>
  </testcase> <!-- Webtables -->
  <testcase classname="Assignment_DemoQA.DemoQA" name="Login" time="0.0">
    <ignored/>
  </testcase> <!-- Login -->
  <testcase classname="Assignment_DemoQA.DemoQA" name="Accordian" time="0.0">
    <ignored/>
  </testcase> <!-- Accordian -->
  <testcase classname="Assignment_DemoQA.DemoQA" name="Hover" time="0.0">
    <ignored/>
  </testcase> <!-- Hover -->
  <testcase classname="Assignment_DemoQA.DemoQA" name="TextBox" time="0.0">
    <ignored/>
  </testcase> <!-- TextBox -->
  <testcase classname="Assignment_DemoQA.DemoQA" name="Slider" time="0.0">
    <ignored/>
  </testcase> <!-- Slider -->
  <testcase classname="Assignment_DemoQA.DemoQA" name="resizable" time="0.0">
    <ignored/>
  </testcase> <!-- resizable -->
  <testcase classname="Assignment_DemoQA.DemoQA" name="Upload_file" time="0.0">
    <ignored/>
  </testcase> <!-- Upload_file -->
  <testcase classname="Assignment_DemoQA.DemoQA" name="PracticeForm" time="0.0">
    <ignored/>
  </testcase> <!-- PracticeForm -->
  <testcase classname="Assignment_DemoQA.DemoQA" name="Frames" time="0.0">
    <ignored/>
  </testcase> <!-- Frames -->
  <testcase classname="Assignment_DemoQA.DemoQA" name="broken" time="0.0">
    <ignored/>
  </testcase> <!-- broken -->
  <testcase classname="Assignment_DemoQA.DemoQA" name="links" time="0.0">
    <ignored/>
  </testcase> <!-- links -->
  <testcase classname="Assignment_DemoQA.DemoQA" name="Buttons" time="0.0">
    <ignored/>
  </testcase> <!-- Buttons -->
  <testcase classname="Assignment_DemoQA.DemoQA" name="CheckBox" time="0.0">
    <ignored/>
  </testcase> <!-- CheckBox -->
  <testcase classname="Assignment_DemoQA.DemoQA" name="BrowserWindows" time="0.0">
    <ignored/>
  </testcase> <!-- BrowserWindows -->
  <testcase classname="Assignment_DemoQA.DemoQA" name="Sortable" time="0.0">
    <ignored/>
  </testcase> <!-- Sortable -->
  <testcase classname="Assignment_DemoQA.DemoQA" name="DynaminProperties" time="0.0">
    <ignored/>
  </testcase> <!-- DynaminProperties -->
</testsuite> <!-- Default test -->
